start tcpdump
2020-12-24_11:31:58_042516000
tcpdump: listening on nflog:10246, link-type NFLOG (Linux netfilter log messages), capture size 262144 bytes
 
start shell
2020-12-24_11:31:59_139595400
 
2020-12-24_11:31:59_243183600
open facebook
2020-12-24_11:32:04_844433600
 
2020-12-24_11:32:08_018089400
writing search
2020-12-24_11:32:12_175672200
 
2020-12-24_11:32:16_126396000
user profile selection
2020-12-24_11:32:20_301313300
 
2020-12-24_11:32:23_895703700
user photos selection
2020-12-24_11:32:26_037056200
 
2020-12-24_11:32:31_517065700
writing message
2020-12-24_11:32:34_849272800
 
2020-12-24_11:32:40_676755300
photos album selection
2020-12-24_11:32:42_213403600
 
2020-12-24_11:32:46_324801500
menu news selection
2020-12-24_11:32:49_282251100
 
2020-12-24_11:32:55_619350500
back to news
2020-12-24_11:32:57_038094200
 
2020-12-24_11:33:01_267697700
facebook in background for 200 sec
2020-12-24_11:36:21_464939400
 
2020-12-24_11:36:24_625485800
killing facebook
2020-12-24_11:36:27_016538600
 
kill tcpdump
2020-12-24_11:36:27_402452200
 
833 packets captured
833 packets received by filter
0 packets dropped by kernel
sdcard/facebook/39.pcap: 1 file pulled, 0 skipped. 35.2 MB/s (472372 bytes in 0.013s)
