start tcpdump
2020-12-24_14:01:51_028615700
tcpdump: listening on nflog:10246, link-type NFLOG (Linux netfilter log messages), capture size 262144 bytes
 
start shell
2020-12-24_14:01:52_177147200
 
2020-12-24_14:01:52_271023200
open facebook
2020-12-24_14:01:57_928823100
 
2020-12-24_14:02:01_111045900
writing search
2020-12-24_14:02:05_528569400
 
2020-12-24_14:02:09_581032700
user profile selection
2020-12-24_14:02:13_955055000
 
2020-12-24_14:02:17_520795400
user photos selection
2020-12-24_14:02:19_693502200
 
2020-12-24_14:02:25_203553800
writing message
2020-12-24_14:02:28_523021400
 
2020-12-24_14:02:34_455683100
photos album selection
2020-12-24_14:02:36_062202900
 
2020-12-24_14:02:40_266457300
menu news selection
2020-12-24_14:02:43_224119600
 
2020-12-24_14:02:49_797454200
back to news
2020-12-24_14:02:51_182521600
 
2020-12-24_14:02:55_388181500
facebook in background for 200 sec
2020-12-24_14:06:15_572896600
 
2020-12-24_14:06:18_755962300
killing facebook
2020-12-24_14:06:21_306693800
 
kill tcpdump
2020-12-24_14:06:21_684770700
 
896 packets captured
896 packets received by filter
0 packets dropped by kernel
sdcard/facebook/54.pcap: 1 file pulled, 0 skipped. 22.6 MB/s (475860 bytes in 0.020s)
