start tcpdump
2020-12-23_19:47:58_957200700
tcpdump: listening on nflog:10246, link-type NFLOG (Linux netfilter log messages), capture size 262144 bytes
 
start shell
2020-12-23_19:48:00_094310200
 
2020-12-23_19:48:00_191625000
open facebook
2020-12-23_19:48:05_814499600
 
2020-12-23_19:48:08_997598600
writing search
2020-12-23_19:48:13_324407300
 
2020-12-23_19:48:17_248463700
user profile selection
2020-12-23_19:48:21_536695700
 
2020-12-23_19:48:25_118625300
user photos selection
2020-12-23_19:48:27_259553600
 
2020-12-23_19:48:32_901528600
writing message
2020-12-23_19:48:36_446092000
 
2020-12-23_19:48:42_384291700
photos album selection
2020-12-23_19:48:44_036545000
 
2020-12-23_19:48:48_219224800
menu news selection
2020-12-23_19:48:51_043754100
 
2020-12-23_19:48:57_437187000
back to news
2020-12-23_19:48:58_863028800
 
2020-12-23_19:49:03_108765100
facebook in background for 200 sec
2020-12-23_19:52:23_324196500
 
2020-12-23_19:52:26_524145300
killing facebook
2020-12-23_19:52:28_156720400
 
kill tcpdump
2020-12-23_19:52:28_586584200
 
1114 packets captured
1114 packets received by filter
0 packets dropped by kernel
sdcard/facebook/4.pcap: 1 file pulled, 0 skipped. 35.1 MB/s (707380 bytes in 0.019s)
