start tcpdump
2020-12-23_21:17:42_740476500
tcpdump: listening on nflog:10246, link-type NFLOG (Linux netfilter log messages), capture size 262144 bytes
 
start shell
2020-12-23_21:17:43_862682600
 
2020-12-23_21:17:43_965070100
open facebook
2020-12-23_21:17:49_578822700
 
2020-12-23_21:17:52_784797400
writing search
2020-12-23_21:17:57_168847400
 
2020-12-23_21:18:01_161444400
user profile selection
2020-12-23_21:18:05_520423100
 
2020-12-23_21:18:09_191488400
user photos selection
2020-12-23_21:18:11_378522900
 
2020-12-23_21:18:16_953739600
writing message
2020-12-23_21:18:20_512498300
 
2020-12-23_21:18:26_427939200
photos album selection
2020-12-23_21:18:28_069851900
 
2020-12-23_21:18:32_264502400
menu news selection
2020-12-23_21:18:35_070305100
 
2020-12-23_21:18:41_468823100
back to news
2020-12-23_21:18:42_886261500
 
2020-12-23_21:18:47_137771900
facebook in background for 200 sec
2020-12-23_21:22:07_342472700
 
2020-12-23_21:22:10_550507000
killing facebook
2020-12-23_21:22:12_212907100
 
kill tcpdump
2020-12-23_21:22:12_630472300
 
807 packets captured
807 packets received by filter
0 packets dropped by kernel
sdcard/facebook/7.pcap: 1 file pulled, 0 skipped. 36.0 MB/s (495644 bytes in 0.013s)
