start tcpdump
2020-12-23_19:27:14_404939800
tcpdump: listening on nflog:10246, link-type NFLOG (Linux netfilter log messages), capture size 262144 bytes
 
start shell
2020-12-23_19:27:15_530886800
 
2020-12-23_19:27:15_627309900
open facebook
2020-12-23_19:27:21_237713800
 
2020-12-23_19:27:24_419110200
writing search
2020-12-23_19:27:28_646744900
 
2020-12-23_19:27:32_628597900
user profile selection
2020-12-23_19:27:36_807477800
 
2020-12-23_19:27:40_366113600
user photos selection
2020-12-23_19:27:42_455661900
 
2020-12-23_19:27:47_875511700
writing message
2020-12-23_19:27:51_363180200
 
2020-12-23_19:27:57_278181000
photos album selection
2020-12-23_19:27:58_834744500
 
2020-12-23_19:28:02_944929400
menu news selection
2020-12-23_19:28:05_714701800
 
2020-12-23_19:28:12_032893600
back to news
2020-12-23_19:28:13_389884600
 
2020-12-23_19:28:17_607641900
facebook in background for 200 sec
2020-12-23_19:31:37_823690400
 
2020-12-23_19:31:41_057595300
killing facebook
2020-12-23_19:31:42_707392700
 
kill tcpdump
2020-12-23_19:31:43_115926100
 
1092 packets captured
1092 packets received by filter
0 packets dropped by kernel
sdcard/facebook/1.pcap: 1 file pulled, 0 skipped. 36.4 MB/s (635636 bytes in 0.017s)
