start tcpdump
2020-12-24_14:11:51_500725200
tcpdump: listening on nflog:10246, link-type NFLOG (Linux netfilter log messages), capture size 262144 bytes
 
start shell
2020-12-24_14:11:52_648706000
 
2020-12-24_14:11:52_740848400
open facebook
2020-12-24_14:11:58_378409400
 
2020-12-24_14:12:01_566302400
writing search
2020-12-24_14:12:06_144319700
 
2020-12-24_14:12:10_113148100
user profile selection
2020-12-24_14:12:14_421485100
 
2020-12-24_14:12:18_000715600
user photos selection
2020-12-24_14:12:20_175020100
 
2020-12-24_14:12:25_660304700
writing message
2020-12-24_14:12:29_047866700
 
2020-12-24_14:12:34_896452900
photos album selection
2020-12-24_14:12:36_477505000
 
2020-12-24_14:12:40_691915700
menu news selection
2020-12-24_14:12:43_656219700
 
2020-12-24_14:12:50_050034800
back to news
2020-12-24_14:12:51_441376000
 
2020-12-24_14:12:55_694821800
facebook in background for 200 sec
2020-12-24_14:16:15_882452000
 
2020-12-24_14:16:19_076436500
killing facebook
2020-12-24_14:16:21_630745300
 
kill tcpdump
2020-12-24_14:16:22_008732200
 
960 packets captured
960 packets received by filter
0 packets dropped by kernel
sdcard/facebook/56.pcap: 1 file pulled, 0 skipped. 28.6 MB/s (500860 bytes in 0.017s)
