start tcpdump
2020-12-23_21:12:05_824706800
tcpdump: listening on nflog:10246, link-type NFLOG (Linux netfilter log messages), capture size 262144 bytes
 
start shell
2020-12-23_21:12:06_986682400
 
2020-12-23_21:12:07_088635900
open facebook
2020-12-23_21:12:12_716079500
 
2020-12-23_21:12:15_924263000
writing search
2020-12-23_21:12:20_285978600
 
2020-12-23_21:12:24_338437800
user profile selection
2020-12-23_21:12:28_652459400
 
2020-12-23_21:12:32_302004200
user photos selection
2020-12-23_21:12:34_495816700
 
2020-12-23_21:12:40_126414000
writing message
2020-12-23_21:12:43_503853100
 
2020-12-23_21:12:49_418394700
photos album selection
2020-12-23_21:12:51_007606800
 
2020-12-23_21:12:55_207876400
menu news selection
2020-12-23_21:12:58_057344500
 
2020-12-23_21:13:04_484853700
back to news
2020-12-23_21:13:05_933026500
 
2020-12-23_21:13:10_201025900
facebook in background for 200 sec
2020-12-23_21:16:30_436392200
 
2020-12-23_21:16:33_662979900
killing facebook
2020-12-23_21:16:35_345540500
 
kill tcpdump
2020-12-23_21:16:35_787560900
 
830 packets captured
830 packets received by filter
0 packets dropped by kernel
sdcard/facebook/6.pcap: 1 file pulled, 0 skipped. 33.0 MB/s (454004 bytes in 0.013s)
