start tcpdump
2020-12-23_21:39:43_682576700
tcpdump: listening on nflog:10246, link-type NFLOG (Linux netfilter log messages), capture size 262144 bytes
 
start shell
2020-12-23_21:39:44_804312900
 
2020-12-23_21:39:44_899317500
open facebook
2020-12-23_21:39:50_502172800
 
2020-12-23_21:39:53_741082300
writing search
2020-12-23_21:39:58_146043800
 
2020-12-23_21:40:02_141306100
user profile selection
2020-12-23_21:40:06_552313600
 
2020-12-23_21:40:10_160749200
user photos selection
2020-12-23_21:40:12_355972600
 
2020-12-23_21:40:17_920707900
writing message
2020-12-23_21:40:21_508078000
 
2020-12-23_21:40:27_523396100
photos album selection
2020-12-23_21:40:29_153405200
 
2020-12-23_21:40:33_360762500
menu news selection
2020-12-23_21:40:36_191866000
 
2020-12-23_21:40:42_626138500
back to news
2020-12-23_21:40:44_074297400
 
2020-12-23_21:40:48_329660400
facebook in background for 200 sec
2020-12-23_21:44:08_541946800
 
2020-12-23_21:44:11_741379700
killing facebook
2020-12-23_21:44:13_388045700
 
kill tcpdump
2020-12-23_21:44:13_804134600
 
1052 packets captured
1052 packets received by filter
0 packets dropped by kernel
sdcard/facebook/.pcap: 1 file pulled, 0 skipped. 37.2 MB/s (550988 bytes in 0.014s)
