start tcpdump
2020-12-24_14:06:51_335093400
tcpdump: listening on nflog:10246, link-type NFLOG (Linux netfilter log messages), capture size 262144 bytes
 
start shell
2020-12-24_14:06:52_447192600
 
2020-12-24_14:06:52_543372400
open facebook
2020-12-24_14:06:58_182045200
 
2020-12-24_14:07:01_382274200
writing search
2020-12-24_14:07:05_864277700
 
2020-12-24_14:07:09_880223200
user profile selection
2020-12-24_14:07:14_185405900
 
2020-12-24_14:07:17_757936500
user photos selection
2020-12-24_14:07:19_902984000
 
2020-12-24_14:07:25_474902300
writing message
2020-12-24_14:07:28_805344500
 
2020-12-24_14:07:34_638092500
photos album selection
2020-12-24_14:07:36_224702800
 
2020-12-24_14:07:40_387539200
menu news selection
2020-12-24_14:07:43_400293300
 
2020-12-24_14:07:49_812807600
back to news
2020-12-24_14:07:51_180004500
 
2020-12-24_14:07:55_411654700
facebook in background for 200 sec
2020-12-24_14:11:15_590847400
 
2020-12-24_14:11:18_770273000
killing facebook
2020-12-24_14:11:21_378723300
 
kill tcpdump
2020-12-24_14:11:21_756071300
 
975 packets captured
975 packets received by filter
0 packets dropped by kernel
sdcard/facebook/55.pcap: 1 file pulled, 0 skipped. 33.0 MB/s (519248 bytes in 0.015s)
