start tcpdump
2020-12-24_10:18:46_933997400
tcpdump: listening on nflog:10246, link-type NFLOG (Linux netfilter log messages), capture size 262144 bytes
 
start shell
2020-12-24_10:18:48_067913000
 
2020-12-24_10:18:48_160458500
open facebook
2020-12-24_10:18:53_845869600
 
2020-12-24_10:18:57_056312000
writing search
2020-12-24_10:19:01_551460300
 
2020-12-24_10:19:05_608423800
user profile selection
2020-12-24_10:19:09_986809400
 
2020-12-24_10:19:13_591195000
user photos selection
2020-12-24_10:19:15_803656300
 
2020-12-24_10:19:21_403610000
writing message
2020-12-24_10:19:25_206120300
 
2020-12-24_10:19:31_162134700
photos album selection
2020-12-24_10:19:32_765020200
 
2020-12-24_10:19:36_954032900
menu news selection
2020-12-24_10:19:39_808268800
 
2020-12-24_10:19:46_211126600
back to news
2020-12-24_10:19:47_682955400
 
2020-12-24_10:19:52_006659300
facebook in background for 200 sec
2020-12-24_10:23:12_264708200
 
2020-12-24_10:23:15_480041000
killing facebook
2020-12-24_10:23:17_975911500
 
kill tcpdump
2020-12-24_10:23:18_409488700
 
1355 packets captured
1355 packets received by filter
0 packets dropped by kernel
sdcard/facebook/26.pcap: 1 file pulled, 0 skipped. 35.9 MB/s (873068 bytes in 0.023s)
