start tcpdump
2020-12-24_12:35:12_117910100
tcpdump: listening on nflog:10246, link-type NFLOG (Linux netfilter log messages), capture size 262144 bytes
 
start shell
2020-12-24_12:35:13_244074500
 
2020-12-24_12:35:13_336091900
open facebook
2020-12-24_12:35:18_963349200
 
2020-12-24_12:35:22_169184700
writing search
2020-12-24_12:35:26_438819800
 
2020-12-24_12:35:30_451844800
user profile selection
2020-12-24_12:35:34_853862000
 
2020-12-24_12:35:38_493905400
user photos selection
2020-12-24_12:35:40_658823800
 
2020-12-24_12:35:46_156585900
writing message
2020-12-24_12:35:49_664698900
 
2020-12-24_12:35:55_552440100
photos album selection
2020-12-24_12:35:57_143229500
 
2020-12-24_12:36:01_368720000
menu news selection
2020-12-24_12:36:04_597569600
 
2020-12-24_12:36:10_977770900
back to news
2020-12-24_12:36:12_365215600
 
2020-12-24_12:36:16_608970400
facebook in background for 200 sec
2020-12-24_12:39:36_803701400
 
2020-12-24_12:39:39_992489900
killing facebook
2020-12-24_12:39:42_429862400
 
kill tcpdump
2020-12-24_12:39:42_833429600
 
944 packets captured
944 packets received by filter
0 packets dropped by kernel
sdcard/facebook/48.pcap: 1 file pulled, 0 skipped. 36.2 MB/s (492460 bytes in 0.013s)
