start tcpdump
2020-12-23_22:39:51_567668800
tcpdump: listening on nflog:10246, link-type NFLOG (Linux netfilter log messages), capture size 262144 bytes
 
start shell
2020-12-23_22:39:52_685401400
 
2020-12-23_22:39:52_783743100
open facebook
2020-12-23_22:39:58_415500000
 
2020-12-23_22:40:01_610435400
writing search
2020-12-23_22:40:05_894551300
 
2020-12-23_22:40:09_887921300
user profile selection
2020-12-23_22:40:14_378456000
 
2020-12-23_22:40:18_043360200
user photos selection
2020-12-23_22:40:20_285372500
 
2020-12-23_22:40:25_922433100
writing message
2020-12-23_22:40:29_494129000
 
2020-12-23_22:40:35_611596900
photos album selection
2020-12-23_22:40:37_244253500
 
2020-12-23_22:40:41_414515900
menu news selection
2020-12-23_22:40:44_397123300
 
2020-12-23_22:40:50_785183000
back to news
2020-12-23_22:40:52_272463300
 
2020-12-23_22:40:56_524778500
facebook in background for 200 sec
2020-12-23_22:44:16_726912000
 
2020-12-23_22:44:19_932777000
killing facebook
2020-12-23_22:44:21_565505000
 
kill tcpdump
2020-12-23_22:44:21_975847700
 
848 packets captured
848 packets received by filter
0 packets dropped by kernel
sdcard/facebook/19.pcap: 1 file pulled, 0 skipped. 34.3 MB/s (482052 bytes in 0.013s)
