start tcpdump
2020-12-23_22:34:51_346972800
tcpdump: listening on nflog:10246, link-type NFLOG (Linux netfilter log messages), capture size 262144 bytes
 
start shell
2020-12-23_22:34:52_468637800
 
2020-12-23_22:34:52_563327000
open facebook
2020-12-23_22:34:58_189449900
 
2020-12-23_22:35:01_403405500
writing search
2020-12-23_22:35:05_637132300
 
2020-12-23_22:35:09_670795700
user profile selection
2020-12-23_22:35:14_130167800
 
2020-12-23_22:35:17_775885300
user photos selection
2020-12-23_22:35:19_933972000
 
2020-12-23_22:35:25_412433500
writing message
2020-12-23_22:35:29_041465900
 
2020-12-23_22:35:34_983732800
photos album selection
2020-12-23_22:35:36_584602400
 
2020-12-23_22:35:40_803842500
menu news selection
2020-12-23_22:35:43_777756800
 
2020-12-23_22:35:50_158377900
back to news
2020-12-23_22:35:51_633646600
 
2020-12-23_22:35:55_904848900
facebook in background for 200 sec
2020-12-23_22:39:16_115782200
 
2020-12-23_22:39:19_320871500
killing facebook
2020-12-23_22:39:20_959368300
 
kill tcpdump
2020-12-23_22:39:21_368768300
 
760 packets captured
760 packets received by filter
0 packets dropped by kernel
sdcard/facebook/18.pcap: 1 file pulled, 0 skipped. 34.7 MB/s (425304 bytes in 0.012s)
