start tcpdump
2020-12-23_23:29:34_492032800
tcpdump: listening on nflog:10246, link-type NFLOG (Linux netfilter log messages), capture size 262144 bytes
 
start shell
2020-12-23_23:29:35_665415900
 
2020-12-23_23:29:35_774747500
open facebook
2020-12-23_23:29:41_444954600
 
2020-12-23_23:29:44_642545400
writing search
2020-12-23_23:29:49_103050700
 
2020-12-23_23:29:53_071076800
user profile selection
2020-12-23_23:29:57_389295600
 
2020-12-23_23:30:01_048123100
user photos selection
2020-12-23_23:30:03_326986700
 
2020-12-23_23:30:08_849675600
writing message
2020-12-23_23:30:12_269883600
 
2020-12-23_23:30:18_156624400
photos album selection
2020-12-23_23:30:19_740121500
 
2020-12-23_23:30:23_917325500
menu news selection
2020-12-23_23:30:26_811070400
 
2020-12-23_23:30:33_169321300
back to news
2020-12-23_23:30:34_588018700
 
2020-12-23_23:30:38_835087400
facebook in background for 200 sec
2020-12-23_23:33:59_181259400
 
2020-12-23_23:34:02_487534400
killing facebook
2020-12-23_23:34:04_137610800
 
kill tcpdump
2020-12-23_23:34:04_540632000
 
800 packets captured
800 packets received by filter
0 packets dropped by kernel
sdcard/facebook/25.pcap: 1 file pulled, 0 skipped. 34.0 MB/s (411872 bytes in 0.012s)
