start tcpdump
2020-12-24_14:21:51_912632200
tcpdump: listening on nflog:10246, link-type NFLOG (Linux netfilter log messages), capture size 262144 bytes
 
start shell
2020-12-24_14:21:53_009363500
 
2020-12-24_14:21:53_106153600
open facebook
2020-12-24_14:21:58_745881800
 
2020-12-24_14:22:01_920953900
writing search
2020-12-24_14:22:06_233922800
 
2020-12-24_14:22:10_244360300
user profile selection
2020-12-24_14:22:14_515587500
 
2020-12-24_14:22:18_110212400
user photos selection
2020-12-24_14:22:20_285310200
 
2020-12-24_14:22:25_739241200
writing message
2020-12-24_14:22:29_112113800
 
2020-12-24_14:22:34_957625100
photos album selection
2020-12-24_14:22:36_533257200
 
2020-12-24_14:22:40_712528800
menu news selection
2020-12-24_14:22:43_683049500
 
2020-12-24_14:22:50_143354100
back to news
2020-12-24_14:22:51_512409500
 
2020-12-24_14:22:55_760965900
facebook in background for 200 sec
2020-12-24_14:26:15_937174900
 
2020-12-24_14:26:19_115065400
killing facebook
2020-12-24_14:26:21_682822500
 
kill tcpdump
2020-12-24_14:26:22_056071700
 
1003 packets captured
1003 packets received by filter
0 packets dropped by kernel
sdcard/facebook/58.pcap: 1 file pulled, 0 skipped. 26.4 MB/s (519912 bytes in 0.019s)
