start tcpdump
2020-12-23_23:19:34_014290400
tcpdump: listening on nflog:10246, link-type NFLOG (Linux netfilter log messages), capture size 262144 bytes
 
start shell
2020-12-23_23:19:35_161320800
 
2020-12-23_23:19:35_263155900
open facebook
2020-12-23_23:19:40_901578900
 
2020-12-23_23:19:44_135786700
writing search
2020-12-23_23:19:48_500476100
 
2020-12-23_23:19:52_508990700
user profile selection
2020-12-23_23:19:56_950073600
 
2020-12-23_23:20:00_581761300
user photos selection
2020-12-23_23:20:02_762278600
 
2020-12-23_23:20:08_461346600
writing message
2020-12-23_23:20:12_248217400
 
2020-12-23_23:20:18_210584500
photos album selection
2020-12-23_23:20:19_858720500
 
2020-12-23_23:20:24_108502000
menu news selection
2020-12-23_23:20:26_902487800
 
2020-12-23_23:20:33_272082300
back to news
2020-12-23_23:20:34_759873500
 
2020-12-23_23:20:39_015074600
facebook in background for 200 sec
2020-12-23_23:23:59_213142600
 
2020-12-23_23:24:02_430415800
killing facebook
2020-12-23_23:24:04_073657600
 
kill tcpdump
2020-12-23_23:24:04_494486400
 
1110 packets captured
1110 packets received by filter
0 packets dropped by kernel
sdcard/facebook/23.pcap: 1 file pulled, 0 skipped. 33.1 MB/s (507232 bytes in 0.015s)
