start tcpdump
2020-12-24_11:46:58_709240000
tcpdump: listening on nflog:10246, link-type NFLOG (Linux netfilter log messages), capture size 262144 bytes
 
start shell
2020-12-24_11:46:59_814599000
 
2020-12-24_11:46:59_895232300
open facebook
2020-12-24_11:47:05_499262000
 
2020-12-24_11:47:08_708218100
writing search
2020-12-24_11:47:12_933595800
 
2020-12-24_11:47:16_950859600
user profile selection
2020-12-24_11:47:21_119501400
 
2020-12-24_11:47:24_686673200
user photos selection
2020-12-24_11:47:26_801190800
 
2020-12-24_11:47:32_305669100
writing message
2020-12-24_11:47:35_596242300
 
2020-12-24_11:47:41_524899000
photos album selection
2020-12-24_11:47:43_146213800
 
2020-12-24_11:47:47_312630800
menu news selection
2020-12-24_11:47:50_221475800
 
2020-12-24_11:47:56_554680800
back to news
2020-12-24_11:47:58_002543100
 
2020-12-24_11:48:02_197910500
facebook in background for 200 sec
2020-12-24_11:51:22_363615400
 
2020-12-24_11:51:25_540426700
killing facebook
2020-12-24_11:51:27_931522500
 
kill tcpdump
2020-12-24_11:51:28_331423000
 
2840 packets captured
2840 packets received by filter
0 packets dropped by kernel
sdcard/facebook/42.pcap: 1 file pulled, 0 skipped. 16.6 MB/s (1869772 bytes in 0.108s)
