start tcpdump
2020-12-24_12:46:31_808078800
tcpdump: listening on nflog:10246, link-type NFLOG (Linux netfilter log messages), capture size 262144 bytes
 
start shell
2020-12-24_12:46:32_944014100
 
2020-12-24_12:46:33_046995700
open facebook
2020-12-24_12:46:38_690612000
 
2020-12-24_12:46:41_894462600
writing search
2020-12-24_12:46:46_243813500
 
2020-12-24_12:46:50_234038900
user profile selection
2020-12-24_12:46:54_530231800
 
2020-12-24_12:46:58_133507800
user photos selection
2020-12-24_12:47:00_338381000
 
2020-12-24_12:47:05_886194700
writing message
2020-12-24_12:47:09_528079100
 
2020-12-24_12:47:15_484273000
photos album selection
2020-12-24_12:47:17_065023700
 
2020-12-24_12:47:21_257077200
menu news selection
2020-12-24_12:47:24_428408200
 
2020-12-24_12:47:30_805042500
back to news
2020-12-24_12:47:32_220235500
 
2020-12-24_12:47:36_439736500
facebook in background for 200 sec
2020-12-24_12:50:56_643545100
 
2020-12-24_12:50:59_854919300
killing facebook
2020-12-24_12:51:02_248321400
 
kill tcpdump
2020-12-24_12:51:02_646958400
 
965 packets captured
965 packets received by filter
0 packets dropped by kernel
sdcard/facebook/50.pcap: 1 file pulled, 0 skipped. 36.6 MB/s (523068 bytes in 0.014s)
