start tcpdump
2020-12-24_11:36:58_276044700
tcpdump: listening on nflog:10246, link-type NFLOG (Linux netfilter log messages), capture size 262144 bytes
 
start shell
2020-12-24_11:36:59_406383500
 
2020-12-24_11:36:59_509623300
open facebook
2020-12-24_11:37:05_106265500
 
2020-12-24_11:37:08_317452200
writing search
2020-12-24_11:37:12_661696300
 
2020-12-24_11:37:16_602612100
user profile selection
2020-12-24_11:37:20_850236300
 
2020-12-24_11:37:24_408243900
user photos selection
2020-12-24_11:37:26_544809100
 
2020-12-24_11:37:31_949557000
writing message
2020-12-24_11:37:35_421360400
 
2020-12-24_11:37:41_290554300
photos album selection
2020-12-24_11:37:42_857232800
 
2020-12-24_11:37:46_968872500
menu news selection
2020-12-24_11:37:49_798848400
 
2020-12-24_11:37:56_164953400
back to news
2020-12-24_11:37:57_589207800
 
2020-12-24_11:38:01_796403600
facebook in background for 200 sec
2020-12-24_11:41:21_966100300
 
2020-12-24_11:41:25_155515100
killing facebook
2020-12-24_11:41:27_545065900
 
kill tcpdump
2020-12-24_11:41:27_947322300
 
787 packets captured
787 packets received by filter
0 packets dropped by kernel
sdcard/facebook/40.pcap: 1 file pulled, 0 skipped. 34.8 MB/s (438820 bytes in 0.012s)
