start tcpdump
2020-12-24_11:51:58_964635000
tcpdump: listening on nflog:10246, link-type NFLOG (Linux netfilter log messages), capture size 262144 bytes
 
start shell
2020-12-24_11:52:00_051102300
 
2020-12-24_11:52:00_130514100
open facebook
2020-12-24_11:52:05_750386500
 
2020-12-24_11:52:08_941304000
writing search
2020-12-24_11:52:13_136828400
 
2020-12-24_11:52:17_095588900
user profile selection
2020-12-24_11:52:21_392981500
 
2020-12-24_11:52:25_002314500
user photos selection
2020-12-24_11:52:27_137832300
 
2020-12-24_11:52:32_606182000
writing message
2020-12-24_11:52:35_845771700
 
2020-12-24_11:52:41_725919200
photos album selection
2020-12-24_11:52:43_278069100
 
2020-12-24_11:52:47_358566300
menu news selection
2020-12-24_11:52:50_200535300
 
2020-12-24_11:52:56_568540200
back to news
2020-12-24_11:52:58_006345200
 
2020-12-24_11:53:02_232253000
facebook in background for 200 sec
2020-12-24_11:56:22_428628300
 
2020-12-24_11:56:25_637088800
killing facebook
2020-12-24_11:56:27_988892900
 
kill tcpdump
2020-12-24_11:56:28_372544300
 
2908 packets captured
2908 packets received by filter
0 packets dropped by kernel
sdcard/facebook/43.pcap: 1 file pulled, 0 skipped. 39.9 MB/s (1652044 bytes in 0.039s)
