start tcpdump
2020-12-24_14:16:51_719054900
tcpdump: listening on nflog:10246, link-type NFLOG (Linux netfilter log messages), capture size 262144 bytes
 
start shell
2020-12-24_14:16:52_847802500
 
2020-12-24_14:16:52_941640600
open facebook
2020-12-24_14:16:58_567614400
 
2020-12-24_14:17:01_739388600
writing search
2020-12-24_14:17:06_109660200
 
2020-12-24_14:17:10_093988400
user profile selection
2020-12-24_14:17:14_534877400
 
2020-12-24_14:17:18_160024500
user photos selection
2020-12-24_14:17:20_336851700
 
2020-12-24_14:17:25_830405000
writing message
2020-12-24_14:17:29_335749800
 
2020-12-24_14:17:35_236328700
photos album selection
2020-12-24_14:17:36_833961400
 
2020-12-24_14:17:41_041826600
menu news selection
2020-12-24_14:17:43_972717800
 
2020-12-24_14:17:50_360345900
back to news
2020-12-24_14:17:51_719013600
 
2020-12-24_14:17:55_967259400
facebook in background for 200 sec
2020-12-24_14:21:16_157164100
 
2020-12-24_14:21:19_341674700
killing facebook
2020-12-24_14:21:21_942032100
 
kill tcpdump
2020-12-24_14:21:22_327676300
 
944 packets captured
944 packets received by filter
0 packets dropped by kernel
sdcard/facebook/57.pcap: 1 file pulled, 0 skipped. 24.2 MB/s (504672 bytes in 0.020s)
