start tcpdump
2020-12-24_13:56:50_841612300
tcpdump: listening on nflog:10246, link-type NFLOG (Linux netfilter log messages), capture size 262144 bytes
 
start shell
2020-12-24_13:56:51_961091400
 
2020-12-24_13:56:52_059250400
open facebook
2020-12-24_13:56:57_707273100
 
2020-12-24_13:57:00_891474000
writing search
2020-12-24_13:57:05_360231100
 
2020-12-24_13:57:09_362092500
user profile selection
2020-12-24_13:57:13_670911500
 
2020-12-24_13:57:17_374973100
user photos selection
2020-12-24_13:57:19_522242600
 
2020-12-24_13:57:25_038174000
writing message
2020-12-24_13:57:28_380461800
 
2020-12-24_13:57:34_272014400
photos album selection
2020-12-24_13:57:35_855199400
 
2020-12-24_13:57:40_021030200
menu news selection
2020-12-24_13:57:42_972547400
 
2020-12-24_13:57:49_516667800
back to news
2020-12-24_13:57:50_916264000
 
2020-12-24_13:57:55_159559400
facebook in background for 200 sec
2020-12-24_14:01:15_347678700
 
2020-12-24_14:01:18_519554400
killing facebook
2020-12-24_14:01:21_062080900
 
kill tcpdump
2020-12-24_14:01:21_448858700
 
906 packets captured
906 packets received by filter
0 packets dropped by kernel
sdcard/facebook/53.pcap: 1 file pulled, 0 skipped. 32.8 MB/s (488940 bytes in 0.014s)
