start tcpdump
2020-12-23_19:42:30_231531400
tcpdump: listening on nflog:10246, link-type NFLOG (Linux netfilter log messages), capture size 262144 bytes
 
start shell
2020-12-23_19:42:31_335348500
 
2020-12-23_19:42:31_430564900
open facebook
2020-12-23_19:42:37_072289800
 
2020-12-23_19:42:40_295024400
writing search
2020-12-23_19:42:44_531484000
 
2020-12-23_19:42:48_556977500
user profile selection
2020-12-23_19:42:52_926458400
 
2020-12-23_19:42:56_562093900
user photos selection
2020-12-23_19:42:58_745494400
 
2020-12-23_19:43:04_241827500
writing message
2020-12-23_19:43:07_745818000
 
2020-12-23_19:43:13_790633700
photos album selection
2020-12-23_19:43:15_358399500
 
2020-12-23_19:43:19_519963200
menu news selection
2020-12-23_19:43:22_363403700
 
2020-12-23_19:43:28_771338600
back to news
2020-12-23_19:43:30_196750900
 
2020-12-23_19:43:34_440087600
facebook in background for 200 sec
2020-12-23_19:46:54_649602300
 
2020-12-23_19:46:57_877242100
killing facebook
2020-12-23_19:46:59_511218600
 
kill tcpdump
2020-12-23_19:46:59_922732500
 
1371 packets captured
1371 packets received by filter
0 packets dropped by kernel
sdcard/facebook/3.pcap: 1 file pulled, 0 skipped. 37.4 MB/s (871888 bytes in 0.022s)
