start tcpdump
2021-01-07_00:24:41_361675500
tcpdump: listening on nflog:10246, link-type NFLOG (Linux netfilter log messages), capture size 262144 bytes
 
#start
 
2021-01-07_00:24:51_211502400
FBtaplikes
2021-01-07_00:24:53_808346500

2021-01-07_00:25:01_314816200
cancel likes
2021-01-07_00:25:04_508258300

2021-01-07_00:25:15_341767400
FBforward
2021-01-07_00:25:26_997877800

2021-01-07_00:25:35_937543800
FBcomment
2021-01-07_00:25:47_181574100

2021-01-07_00:26:04_482549400
FBcmtcomment
2021-01-07_00:26:14_714137600

2021-01-07_00:26:27_805426200
FBpost
2021-01-07_00:26:31_405564100

2021-01-07_00:26:38_735658000
delete fb
2021-01-07_00:26:44_824017400

#end
 
828 packets captured
828 packets received by filter
0 packets dropped by kernel
sdcard/facebook/3.pcap: 1 file pulled, 0 skipped. 24.2 MB/s (321956 bytes in 0.013s)
