start tcpdump
2020-12-24_12:23:32_616476000
tcpdump: listening on nflog:10246, link-type NFLOG (Linux netfilter log messages), capture size 262144 bytes
 
start shell
2020-12-24_12:23:33_716672600
 
2020-12-24_12:23:33_810882700
open facebook
2020-12-24_12:23:39_414972700
 
2020-12-24_12:23:42_605417200
writing search
2020-12-24_12:23:46_815260900
 
2020-12-24_12:23:50_800777100
user profile selection
2020-12-24_12:23:55_214404300
 
2020-12-24_12:23:58_849049100
user photos selection
2020-12-24_12:24:01_046352900
 
2020-12-24_12:24:06_880030900
writing message
2020-12-24_12:24:10_262110100
 
2020-12-24_12:24:16_222301200
photos album selection
2020-12-24_12:24:17_801223300
 
2020-12-24_12:24:21_985064100
menu news selection
2020-12-24_12:24:24_864262400
 
2020-12-24_12:24:31_312864000
back to news
2020-12-24_12:24:32_698305600
 
2020-12-24_12:24:36_935134800
facebook in background for 200 sec
2020-12-24_12:27:57_138751600
 
2020-12-24_12:28:00_340084500
killing facebook
2020-12-24_12:28:02_734417200
 
kill tcpdump
2020-12-24_12:28:03_137171600
 
1139 packets captured
1139 packets received by filter
0 packets dropped by kernel
sdcard/facebook/45.pcap: 1 file pulled, 0 skipped. 35.6 MB/s (608488 bytes in 0.016s)
