start tcpdump
2020-12-24_12:17:45_157960800
tcpdump: listening on nflog:10246, link-type NFLOG (Linux netfilter log messages), capture size 262144 bytes
 
start shell
2020-12-24_12:17:46_259294900
 
2020-12-24_12:17:46_356381600
open facebook
2020-12-24_12:17:51_964417800
 
2020-12-24_12:17:55_134766400
writing search
2020-12-24_12:17:59_484665000
 
2020-12-24_12:18:03_416302900
user profile selection
2020-12-24_12:18:07_882357000
 
2020-12-24_12:18:11_461133600
user photos selection
2020-12-24_12:18:13_625932300
 
2020-12-24_12:18:19_196177900
writing message
2020-12-24_12:18:22_578674400
 
2020-12-24_12:18:28_529887700
photos album selection
2020-12-24_12:18:30_148474900
 
2020-12-24_12:18:34_319387400
menu news selection
2020-12-24_12:18:37_620763600
 
2020-12-24_12:18:44_049994900
back to news
2020-12-24_12:18:45_449382900
 
2020-12-24_12:18:49_706444900
facebook in background for 200 sec
2020-12-24_12:22:09_907949700
 
2020-12-24_12:22:13_092222900
killing facebook
2020-12-24_12:22:15_431459100
 
kill tcpdump
2020-12-24_12:22:15_801719200
 
923 packets captured
923 packets received by filter
0 packets dropped by kernel
sdcard/facebook/46.pcap: 1 file pulled, 0 skipped. 30.3 MB/s (486920 bytes in 0.015s)
