start tcpdump
2020-12-24_13:46:50_432441600
tcpdump: listening on nflog:10246, link-type NFLOG (Linux netfilter log messages), capture size 262144 bytes
 
start shell
2020-12-24_13:46:51_532407600
 
2020-12-24_13:46:51_627850600
open facebook
2020-12-24_13:46:57_250609700
 
2020-12-24_13:47:00_437506400
writing search
2020-12-24_13:47:04_863535900
 
2020-12-24_13:47:08_817400300
user profile selection
2020-12-24_13:47:13_071359900
 
2020-12-24_13:47:16_620381700
user photos selection
2020-12-24_13:47:18_761612900
 
2020-12-24_13:47:24_198617900
writing message
2020-12-24_13:47:27_584535700
 
2020-12-24_13:47:33_428853700
photos album selection
2020-12-24_13:47:35_024121700
 
2020-12-24_13:47:39_198542900
menu news selection
2020-12-24_13:47:42_183271100
 
2020-12-24_13:47:48_642398000
back to news
2020-12-24_13:47:50_015783200
 
2020-12-24_13:47:54_175660700
facebook in background for 200 sec
2020-12-24_13:51:14_360001800
 
2020-12-24_13:51:17_545704700
killing facebook
2020-12-24_13:51:20_105993700
 
kill tcpdump
2020-12-24_13:51:20_480390900
 
1124 packets captured
1124 packets received by filter
0 packets dropped by kernel
sdcard/facebook/51.pcap: 1 file pulled, 0 skipped. 33.2 MB/s (763836 bytes in 0.022s)
