start tcpdump
2020-12-24_10:56:34_061224900
tcpdump: listening on nflog:10246, link-type NFLOG (Linux netfilter log messages), capture size 262144 bytes
 
start shell
2020-12-24_10:56:35_251063400
 
2020-12-24_10:56:35_369799500
open facebook
2020-12-24_10:56:41_023497800
 
2020-12-24_10:56:44_244792700
writing search
2020-12-24_10:56:48_706057300
 
2020-12-24_10:56:52_747741900
user profile selection
2020-12-24_10:56:57_174341300
 
2020-12-24_10:57:00_815813500
user photos selection
2020-12-24_10:57:02_982645400
 
2020-12-24_10:57:08_567070100
writing message
2020-12-24_10:57:12_198102100
 
2020-12-24_10:57:18_251137600
photos album selection
2020-12-24_10:57:19_845961400
 
2020-12-24_10:57:24_049956500
menu news selection
2020-12-24_10:57:26_855726000
 
2020-12-24_10:57:33_271781500
back to news
2020-12-24_10:57:34_732490600
 
2020-12-24_10:57:39_031575100
facebook in background for 200 sec
2020-12-24_11:00:59_256064900
 
2020-12-24_11:01:02_468745700
killing facebook
2020-12-24_11:01:04_833395600
 
kill tcpdump
2020-12-24_11:01:05_226462300
 
794 packets captured
794 packets received by filter
0 packets dropped by kernel
sdcard/facebook/33.pcap: 1 file pulled, 0 skipped. 35.8 MB/s (446612 bytes in 0.012s)
