start tcpdump
2020-12-23_23:14:33_756348900
tcpdump: listening on nflog:10246, link-type NFLOG (Linux netfilter log messages), capture size 262144 bytes
 
start shell
2020-12-23_23:14:34_836753500
 
2020-12-23_23:14:34_948269400
open facebook
2020-12-23_23:14:40_557586100
 
2020-12-23_23:14:43_776001500
writing search
2020-12-23_23:14:48_015054600
 
2020-12-23_23:14:52_075900000
user profile selection
2020-12-23_23:14:56_503872900
 
2020-12-23_23:15:00_132960700
user photos selection
2020-12-23_23:15:02_388061100
 
2020-12-23_23:15:07_989884800
writing message
2020-12-23_23:15:11_530939800
 
2020-12-23_23:15:17_496576300
photos album selection
2020-12-23_23:15:19_081592300
 
2020-12-23_23:15:23_415165100
menu news selection
2020-12-23_23:15:26_316837500
 
2020-12-23_23:15:32_722959500
back to news
2020-12-23_23:15:34_178454000
 
2020-12-23_23:15:38_410306000
facebook in background for 200 sec
2020-12-23_23:18:58_634653200
 
2020-12-23_23:19:01_836170600
killing facebook
2020-12-23_23:19:03_505152300
 
kill tcpdump
2020-12-23_23:19:03_904821100
 
1200 packets captured
1200 packets received by filter
0 packets dropped by kernel
sdcard/facebook/22.pcap: 1 file pulled, 0 skipped. 36.3 MB/s (587832 bytes in 0.015s)
