start tcpdump
2020-12-23_23:24:34_294672400
tcpdump: listening on nflog:10246, link-type NFLOG (Linux netfilter log messages), capture size 262144 bytes
 
start shell
2020-12-23_23:24:35_398905300
 
2020-12-23_23:24:35_502291000
open facebook
2020-12-23_23:24:41_129296000
 
2020-12-23_23:24:44_368955700
writing search
2020-12-23_23:24:48_646939200
 
2020-12-23_23:24:52_623682600
user profile selection
2020-12-23_23:24:56_930017900
 
2020-12-23_23:25:00_607908800
user photos selection
2020-12-23_23:25:02_755424500
 
2020-12-23_23:25:08_265965900
writing message
2020-12-23_23:25:11_728783700
 
2020-12-23_23:25:17_716703200
photos album selection
2020-12-23_23:25:19_365935700
 
2020-12-23_23:25:23_577239100
menu news selection
2020-12-23_23:25:26_430169900
 
2020-12-23_23:25:32_828737500
back to news
2020-12-23_23:25:34_319797900
 
2020-12-23_23:25:38_566885600
facebook in background for 200 sec
2020-12-23_23:28:58_789070600
 
2020-12-23_23:29:01_992268500
killing facebook
2020-12-23_23:29:03_677312600
 
kill tcpdump
2020-12-23_23:29:04_059551400
 
813 packets captured
813 packets received by filter
0 packets dropped by kernel
sdcard/facebook/24.pcap: 1 file pulled, 0 skipped. 32.1 MB/s (418828 bytes in 0.012s)
