start tcpdump
2020-12-23_22:08:45_370132600
tcpdump: listening on nflog:10246, link-type NFLOG (Linux netfilter log messages), capture size 262144 bytes
 
start shell
2020-12-23_22:08:46_490612300
 
2020-12-23_22:08:46_598715600
open facebook
2020-12-23_22:08:52_262035700
 
2020-12-23_22:08:55_493442800
writing search
2020-12-23_22:08:59_759996500
 
2020-12-23_22:09:03_787694700
user profile selection
2020-12-23_22:09:08_095162500
 
2020-12-23_22:09:11_692856200
user photos selection
2020-12-23_22:09:13_855645200
 
2020-12-23_22:09:19_463550600
writing message
2020-12-23_22:09:22_854545500
 
2020-12-23_22:09:28_808774400
photos album selection
2020-12-23_22:09:30_415550100
 
2020-12-23_22:09:34_592013800
menu news selection
2020-12-23_22:09:37_489187900
 
2020-12-23_22:09:43_869238400
back to news
2020-12-23_22:09:45_291887600
 
2020-12-23_22:09:49_505993700
facebook in background for 200 sec
2020-12-23_22:13:09_699773800
 
2020-12-23_22:13:12_903831000
killing facebook
2020-12-23_22:13:14_542062100
 
kill tcpdump
2020-12-23_22:13:14_954990200
 
971 packets captured
971 packets received by filter
0 packets dropped by kernel
sdcard/facebook/14.pcap: 1 file pulled, 0 skipped. 37.5 MB/s (573936 bytes in 0.015s)
